[INFO ] 2022-07-30 00:44:06.183 [main] Logging - Closing popup
[INFO ] 2022-07-30 00:44:06.190 [main] Logging - Clicking on Register Link on homepage
[INFO ] 2022-07-30 00:44:06.476 [main] Logging - Clicking on Signup on Registration Page
[INFO ] 2022-07-30 00:44:12.000 [main] Logging - Entered all the credentials from the excel file
[INFO ] 2022-07-30 00:44:12.348 [main] Logging - Clicked on created account
[WARN ] 2022-07-30 00:44:12.687 [main] Logging - Skipped due to google captcha
[ERROR] 2022-07-30 00:44:13.157 [main] Logging - Taking the screenshot for the skipped test scenario
[INFO ] 2022-07-30 00:44:21.058 [main] Logging - Closing popup
[INFO ] 2022-07-30 00:44:21.058 [main] Logging - Clicking on Register Link on homepage
[INFO ] 2022-07-30 00:44:21.363 [main] Logging - Clicking on Signup on Registration Page
[INFO ] 2022-07-30 00:44:27.347 [main] Logging - Entered all the credentials from the excel file
[INFO ] 2022-07-30 00:44:27.348 [main] Logging - Clicked on Login button
[WARN ] 2022-07-30 00:44:27.544 [main] Logging - Skipped due to google captcha
[ERROR] 2022-07-30 00:44:27.767 [main] Logging - Taking the screenshot for the skipped test scenario
[INFO ] 2022-07-30 00:44:35.353 [main] Logging - Closing popup
[INFO ] 2022-07-30 00:44:35.353 [main] Logging - Clicking on US-English on homepage to change language
[INFO ] 2022-07-30 00:44:35.450 [main] Logging - Clicking on Canada french from the available langs in the popup
[TRACE] 2022-07-30 00:44:37.968 [main] Logging - Success in changing to Canada French language
[INFO ] 2022-07-30 00:44:44.101 [main] Logging - Closing popup
[INFO ] 2022-07-30 00:44:44.101 [main] Logging - Clicking on Can't find the right stain
[INFO ] 2022-07-30 00:44:44.546 [main] Logging - Entering Grease in the stain search box
[INFO ] 2022-07-30 00:44:45.491 [main] Logging - Clicking on the article from the stain search results
[TRACE] 2022-07-30 00:44:46.160 [main] Logging - Content related to Grease stain found in the article page
[INFO ] 2022-07-30 00:45:22.962 [main] Logging - Closing popup
[INFO ] 2022-07-30 00:45:22.963 [main] Logging - Clicking on the sticker banner for saving calcualtor page
[INFO ] 2022-07-30 00:45:23.959 [main] Logging - Entered 10 in the number of washes
[TRACE] 2022-07-30 00:45:24.795 [main] Logging - Accurate cost calculation
[INFO ] 2022-07-30 00:45:32.710 [main] Logging - Closing popup
[INFO ] 2022-07-30 00:45:32.711 [main] Logging - Clicking on ContactUs link on top of the page
[TRACE] 2022-07-30 00:45:39.139 [main] Logging - Contact Optons iframe window is present
[INFO ] 2022-07-30 00:45:46.255 [main] Logging - Closing popup
[INFO ] 2022-07-30 00:45:46.256 [main] Logging - Entering text on the search box
[INFO ] 2022-07-30 00:45:46.367 [main] Logging - Clicking on the search icon
[TRACE] 2022-07-30 00:45:47.335 [main] Logging - pods contained in search results
[INFO ] 2022-07-30 00:45:55.341 [main] Logging - Closing popup
[INFO ] 2022-07-30 00:45:55.341 [main] Logging - Opening all the part company websites using control+click
[INFO ] 2022-07-30 00:45:58.107 [main] Logging - P&GGoodEveryday | Earn Rewards & Gift Cards - Printable Coupons - Do Good with Loyalty Programpage VERIFIED NOW CLOSING IT
[INFO ] 2022-07-30 00:45:58.949 [main] Logging - Dryer Sheets and Wrinkle Release Spraypage VERIFIED NOW CLOSING IT
[INFO ] 2022-07-30 00:46:08.331 [main] Logging - Fabric Softeners, Dryer Sheets, Scent Beads & Laundry Tips | Downypage VERIFIED NOW CLOSING IT
[INFO ] 2022-07-30 00:46:08.591 [main] Logging - Procter & Gamblepage VERIFIED NOW CLOSING IT
[INFO ] 2022-07-30 00:46:15.854 [main] Logging - Closing popup
[INFO ] 2022-07-30 00:46:18.865 [main] Logging - Clicking on Live chat option on top of homepage
[INFO ] 2022-07-30 00:46:21.632 [main] Logging - Successfully clicked on Start Chat
[INFO ] 2022-07-30 00:46:21.722 [main] Logging - Clicking on agreeing and continue
[INFO ] 2022-07-30 00:46:27.999 [main] Logging - Entering first name
[INFO ] 2022-07-30 00:46:28.114 [main] Logging - Entering last name
[INFO ] 2022-07-30 00:46:28.217 [main] Logging - Entering email address
[INFO ] 2022-07-30 00:46:28.374 [main] Logging - Clicking on Chat Button
[INFO ] 2022-07-30 00:47:17.008 [main] Logging - Entering initial chat message
[INFO ] 2022-07-30 00:47:18.015 [main] Logging - Sending the message typed in the chat box
[INFO ] 2022-07-30 00:47:25.288 [main] Logging - Closing popup
[INFO ] 2022-07-30 00:47:25.290 [main] Logging - Scrolling down to browse by need section
[INFO ] 2022-07-30 00:47:26.106 [main] Logging - Clicked on browse by need section
[INFO ] 2022-07-30 00:47:28.800 [main] Logging - Clicked on Freshness/Scent
[TRACE] 2022-07-30 00:47:29.027 [main] Logging - Febreze 4in1 is present in the results
