[INFO ] 2022-07-30 13:27:55.463 [main] Logging - Closing popup
[INFO ] 2022-07-30 13:27:55.468 [main] Logging - Clicking on Register Link on homepage
[INFO ] 2022-07-30 13:27:55.761 [main] Logging - Clicking on Signup on Registration Page
[INFO ] 2022-07-30 13:28:00.562 [main] Logging - Entered all the credentials from the excel file
[INFO ] 2022-07-30 13:28:02.087 [main] Logging - Clicked on created account
[WARN ] 2022-07-30 13:28:07.633 [main] Logging - User already registered
[ERROR] 2022-07-30 13:28:08.022 [main] Logging - Taking the screenshot for the failed test scenario
[INFO ] 2022-07-30 13:28:21.085 [main] Logging - Closing popup
[INFO ] 2022-07-30 13:28:21.086 [main] Logging - Clicking on Register Link on homepage
[INFO ] 2022-07-30 13:28:21.353 [main] Logging - Clicking on Signup on Registration Page
[INFO ] 2022-07-30 13:28:27.677 [main] Logging - Entered all the credentials from the excel file
[INFO ] 2022-07-30 13:28:27.678 [main] Logging - Clicked on Login button
[TRACE] 2022-07-30 13:29:03.036 [main] Logging - Login is Successfull
[INFO ] 2022-07-30 13:29:10.679 [main] Logging - Closing popup
[INFO ] 2022-07-30 13:29:10.680 [main] Logging - Clicking on US-English on homepage to change language
[INFO ] 2022-07-30 13:29:10.784 [main] Logging - Clicking on Canada french from the available langs in the popup
[TRACE] 2022-07-30 13:29:12.776 [main] Logging - Success in changing to Canada French language
[INFO ] 2022-07-30 13:29:20.186 [main] Logging - Closing popup
[INFO ] 2022-07-30 13:29:20.187 [main] Logging - Clicking on Can't find the right stain
[INFO ] 2022-07-30 13:29:20.604 [main] Logging - Entering Grease in the stain search box
[INFO ] 2022-07-30 13:29:21.567 [main] Logging - Clicking on the article from the stain search results
[TRACE] 2022-07-30 13:29:22.211 [main] Logging - Content related to Grease stain found in the article page
[INFO ] 2022-07-30 13:29:28.873 [main] Logging - Closing popup
[INFO ] 2022-07-30 13:29:28.873 [main] Logging - Clicking on the sticker banner for saving calcualtor page
[INFO ] 2022-07-30 13:29:29.677 [main] Logging - Entered 10 in the number of washes
[TRACE] 2022-07-30 13:29:30.588 [main] Logging - Accurate cost calculation
[INFO ] 2022-07-30 13:29:36.856 [main] Logging - Closing popup
[INFO ] 2022-07-30 13:29:36.856 [main] Logging - Clicking on ContactUs link on top of the page
[TRACE] 2022-07-30 13:29:38.898 [main] Logging - Contact Optons iframe window is present
[INFO ] 2022-07-30 13:29:45.785 [main] Logging - Closing popup
[INFO ] 2022-07-30 13:29:45.785 [main] Logging - Entering text on the search box
[INFO ] 2022-07-30 13:29:45.905 [main] Logging - Clicking on the search icon
[TRACE] 2022-07-30 13:29:46.959 [main] Logging - pods contained in search results
[INFO ] 2022-07-30 13:29:54.054 [main] Logging - Closing popup
[INFO ] 2022-07-30 13:29:54.054 [main] Logging - Opening all the part company websites using control+click
[INFO ] 2022-07-30 13:29:57.625 [main] Logging - P&GGoodEveryday | Earn Rewards & Gift Cards - Printable Coupons - Do Good with Loyalty Programpage VERIFIED NOW CLOSING IT
[INFO ] 2022-07-30 13:30:03.996 [main] Logging - Dryer Sheets and Wrinkle Release Spraypage VERIFIED NOW CLOSING IT
[INFO ] 2022-07-30 13:30:13.116 [main] Logging - Fabric Softeners, Dryer Sheets, Scent Beads & Laundry Tips | Downypage VERIFIED NOW CLOSING IT
[INFO ] 2022-07-30 13:30:13.379 [main] Logging - Procter & Gamblepage VERIFIED NOW CLOSING IT
[INFO ] 2022-07-30 13:30:21.210 [main] Logging - Closing popup
[INFO ] 2022-07-30 13:30:24.225 [main] Logging - Clicking on Live chat option on top of homepage
[ERROR] 2022-07-30 13:30:32.400 [main] Logging - Taking the screenshot for the failed test scenario
[INFO ] 2022-07-30 13:30:41.575 [main] Logging - Closing popup
[INFO ] 2022-07-30 13:30:41.575 [main] Logging - Scrolling down to browse by need section
[INFO ] 2022-07-30 13:30:42.294 [main] Logging - Clicked on browse by need section
[INFO ] 2022-07-30 13:30:44.981 [main] Logging - Clicked on Freshness/Scent
[TRACE] 2022-07-30 13:30:45.209 [main] Logging - Febreze 4in1 is present in the results
