[INFO ] 2022-07-30 00:19:57.004 [main] Logging - Closing popup
[INFO ] 2022-07-30 00:19:57.009 [main] Logging - Clicking on Register Link on homepage
[INFO ] 2022-07-30 00:19:57.306 [main] Logging - Clicking on Signup on Registration Page
[INFO ] 2022-07-30 00:20:02.687 [main] Logging - Entered all the credentials from the excel file
[INFO ] 2022-07-30 00:20:03.126 [main] Logging - Clicked on created account
[WARN ] 2022-07-30 00:20:08.375 [main] Logging - User already registered
[ERROR] 2022-07-30 00:20:08.774 [main] Logging - Taking the screenshot for the failed test scenario
[INFO ] 2022-07-30 00:20:15.854 [main] Logging - Closing popup
[INFO ] 2022-07-30 00:20:15.855 [main] Logging - Clicking on Register Link on homepage
[INFO ] 2022-07-30 00:20:16.127 [main] Logging - Clicking on Signup on Registration Page
[INFO ] 2022-07-30 00:20:23.081 [main] Logging - Entered all the credentials from the excel file
[INFO ] 2022-07-30 00:20:23.082 [main] Logging - Clicked on Login button
[TRACE] 2022-07-30 00:20:58.709 [main] Logging - Login is Successfull
[INFO ] 2022-07-30 00:21:05.084 [main] Logging - Closing popup
[INFO ] 2022-07-30 00:21:05.085 [main] Logging - Clicking on US-English on homepage to change language
[INFO ] 2022-07-30 00:21:05.172 [main] Logging - Clicking on Canada french from the available langs in the popup
[TRACE] 2022-07-30 00:21:07.196 [main] Logging - Success in changing to Canada French language
[INFO ] 2022-07-30 00:21:13.953 [main] Logging - Closing popup
[INFO ] 2022-07-30 00:21:13.954 [main] Logging - Clicking on Can't find the right stain
[INFO ] 2022-07-30 00:21:14.361 [main] Logging - Entering Grease in the stain search box
[INFO ] 2022-07-30 00:21:15.337 [main] Logging - Clicking on the article from the stain search results
[TRACE] 2022-07-30 00:21:15.910 [main] Logging - Content related to Grease stain found in the article page
[INFO ] 2022-07-30 00:21:37.250 [main] Logging - Closing popup
[INFO ] 2022-07-30 00:21:37.251 [main] Logging - Clicking on the sticker banner for saving calcualtor page
[INFO ] 2022-07-30 00:21:38.301 [main] Logging - Entered 10 in the number of washes
[TRACE] 2022-07-30 00:21:39.271 [main] Logging - Accurate cost calculation
[INFO ] 2022-07-30 00:21:46.022 [main] Logging - Closing popup
[INFO ] 2022-07-30 00:21:46.024 [main] Logging - Clicking on ContactUs link on top of the page
[TRACE] 2022-07-30 00:21:48.650 [main] Logging - Contact Optons iframe window is present
[INFO ] 2022-07-30 00:21:56.660 [main] Logging - Closing popup
[INFO ] 2022-07-30 00:21:56.660 [main] Logging - Entering text on the search box
[INFO ] 2022-07-30 00:21:56.795 [main] Logging - Clicking on the search icon
[TRACE] 2022-07-30 00:21:58.067 [main] Logging - pods contained in search results
[INFO ] 2022-07-30 00:22:06.420 [main] Logging - Closing popup
[INFO ] 2022-07-30 00:22:06.421 [main] Logging - Opening all the part company websites using control+click
[INFO ] 2022-07-30 00:22:10.253 [main] Logging - P&GGoodEveryday | Earn Rewards & Gift Cards - Printable Coupons - Do Good with Loyalty Programpage VERIFIED NOW CLOSING IT
[INFO ] 2022-07-30 00:22:12.340 [main] Logging - Dryer Sheets and Wrinkle Release Spraypage VERIFIED NOW CLOSING IT
[INFO ] 2022-07-30 00:22:21.850 [main] Logging - Fabric Softeners, Dryer Sheets, Scent Beads & Laundry Tips | Downypage VERIFIED NOW CLOSING IT
[INFO ] 2022-07-30 00:22:22.243 [main] Logging - Procter & Gamblepage VERIFIED NOW CLOSING IT
[INFO ] 2022-07-30 00:22:30.218 [main] Logging - Closing popup
[INFO ] 2022-07-30 00:22:33.222 [main] Logging - Clicking on Live chat option on top of homepage
[ERROR] 2022-07-30 00:22:44.613 [main] Logging - Taking the screenshot for the failed test scenario
[INFO ] 2022-07-30 00:22:52.637 [main] Logging - Closing popup
[INFO ] 2022-07-30 00:22:52.638 [main] Logging - Scrolling down to browse by need section
[INFO ] 2022-07-30 00:22:53.439 [main] Logging - Clicked on browse by need section
[INFO ] 2022-07-30 00:22:56.356 [main] Logging - Clicked on Freshness/Scent
[TRACE] 2022-07-30 00:22:56.669 [main] Logging - Febreze 4in1 is present in the results
